<?xml version="1.0" encoding="UTF-8"?>
<testng-results skipped="0" failed="0" ignored="0" total="1" passed="1">
  <reporter-output>
  </reporter-output>
  <suite name="home.lux.AppTest" duration-ms="20" started-at="2017-10-21T13:35:04Z" finished-at="2017-10-21T13:35:04Z">
    <groups>
    </groups>
    <test name="Command line test" duration-ms="20" started-at="2017-10-21T13:35:04Z" finished-at="2017-10-21T13:35:04Z">
      <class name="home.lux.AppTest">
        <test-method status="PASS" signature="setUp()[pri:0, instance:home.lux.AppTest@5a39699c]" name="setUp" is-config="true" duration-ms="10" started-at="2017-10-21T16:35:04Z" finished-at="2017-10-21T16:35:04Z">
          <reporter-output>
          </reporter-output>
        </test-method> <!-- setUp -->
        <test-method status="PASS" signature="deleteEntyTest()[pri:0, instance:home.lux.AppTest@5a39699c]" name="deleteEntyTest" duration-ms="0" started-at="2017-10-21T16:35:04Z" finished-at="2017-10-21T16:35:04Z">
          <reporter-output>
          </reporter-output>
        </test-method> <!-- deleteEntyTest -->
      </class> <!-- home.lux.AppTest -->
    </test> <!-- Command line test -->
  </suite> <!-- home.lux.AppTest -->
</testng-results>
